[2026-01-04 18:09:15] SERVER START
[2026-01-09 08:22:39] SERVER START
[2026-01-09 08:22:37] SERVER START
[2026-01-09 08:24:42] SERVER START
[2026-01-09 08:25:59] SERVER START
[2026-01-09 08:27:22] [INFO] REGISTER: New user minh1
[2026-01-09 08:27:22] CLIENT 5: REGISTER minh1 111111
[2026-01-09 08:27:36] [INFO] LOGIN: minh1 is now online
[2026-01-09 08:27:36] CLIENT 5: LOGIN minh1 111111
[2026-01-09 08:27:55] CLIENT 6: LOGIN ï¿½user1 pï¿½assword1
[2026-01-09 08:28:29] [INFO] LOGIN: user1 is now online
[2026-01-09 08:28:29] CLIENT 6: LOGIN user1 password1
[2026-01-09 08:31:55] CLIENT 6: ADD_FRIEND minh1
[2026-01-09 08:32:09] CLIENT 5: FRIEND_REQUEST
[2026-01-09 08:32:32] CLIENT 5: ACCEPT_FRIEND user1
[2026-01-09 08:33:02] CLIENT 5: LIST_FRIEND
[2026-01-09 08:33:22] CLIENT 5: CHAT user1
[2026-01-09 08:33:28] CLIENT 5: helloo
[2026-01-09 08:33:33] CLIENT 6: CHAT minh1
[2026-01-09 08:33:37] CLIENT 6: hello
[2026-01-09 08:33:41] CLIENT 5: LEAVE
[2026-01-09 08:33:44] CLIENT 6: hello
[2026-01-09 08:33:54] CLIENT 5: REMOVE_FRIEND user1
[2026-01-09 08:33:59] CLIENT 5: LIST_FRIEND
[2026-01-09 08:34:02] CLIENT 6: LEAVE
[2026-01-09 08:34:05] CLIENT 6: LIST_FRIEND
[2026-01-09 08:40:28] CLIENT 5: ADD_FRIEND user1
[2026-01-09 08:40:41] CLIENT 6: DECLINE_FRIEND minh1
[2026-01-09 08:40:55] SERVER START
[2026-01-09 08:52:08] SERVER START

[2026-01-09 09:00:07] SERVER START
[2026-01-09 09:00:27] SERVER START
[2026-01-09 09:00:49] [INFO] LOGIN: minh is now online
[2026-01-09 09:00:49] CLIENT 5: LOGIN minh 123456
[2026-01-09 09:48:10] SERVER START
[2026-01-09 09:48:50] [INFO] LOGIN: user1 is now online
[2026-01-09 09:48:50] CLIENT 5: LOGIN user1 password1
[2026-01-09 09:48:48] [INFO] CHAT: User user1 is entering chat with minh
[2026-01-09 09:48:48] CLIENT 5: CHAT minh
[2026-01-09 09:49:01] [INFO] User user1 sent message to minh: hello abc xyz

[2026-01-09 09:49:01] CLIENT 5: SEND hello abc xyz
[2026-01-09 09:49:06] [INFO] LOGIN: minh is now online
[2026-01-09 09:49:06] CLIENT 6: LOGIN minh 123456
[2026-01-09 09:49:22] [INFO] CHAT: User minh is entering chat with user1
[2026-01-09 09:49:22] CLIENT 6: CHAT user1
[2026-01-09 09:49:29] CLIENT 6: hhhe hehhe hhehe
[2026-01-09 09:52:54] CLIENT 6: hh hh hh hh
[2026-01-09 09:52:57] CLIENT 5: adas Ãasd da ds a a d
[2026-01-09 09:53:23] CLIENT 5: helolo lolo lololo
